My machine has this many processors
12
Running the script with this many processors
8
Generating 1000000 random numbers
arg[0]:generate
arg[1]:1000000
arg[2]:100000
arg[3]:999999
Starting system sort

real	0m0.216s
user	0m0.684s
sys	0m0.094s
Starting my sort

real	0m0.197s
user	0m0.332s
sys	0m0.033s
All done
My machine has this many processors
12
Running the script with this many processors
8
Generating 1000000 random numbers
arg[0]:generate
arg[1]:1000000
arg[2]:100000
arg[3]:999999
Starting system sort

real	0m0.140s
user	0m0.511s
sys	0m0.054s
Starting my sort

real	0m0.187s
user	0m0.270s
sys	0m0.045s
All done
